00:00:00.304856 VirtualBox GUI VM Selector Window 7.0.18 r162988 win.amd64 (May  2 2024 10:02:33) release log
00:00:00.304860 Log opened 2024-07-08T02:00:46.582727300Z
00:00:00.304861 Build Type: release
00:00:00.304869 OS Product: Windows 10
00:00:00.304871 OS Release: 10.0.21996
00:00:00.304872 OS Service Pack: 
00:00:00.321679 DMI Product Name: HP EliteBook x360 1030 G2
00:00:00.326983 DMI Product Version:  
00:00:00.327006 Firmware type: UEFI
00:00:00.327326 Secure Boot: VERR_PRIVILEGE_NOT_HELD
00:00:00.327361 Host RAM: 16259MB (15.8GB) total, 13113MB (12.8GB) available
00:00:00.327366 Executable: C:\Program Files\Oracle\VirtualBox\VirtualBox.exe
00:00:00.327367 Process ID: 1696
00:00:00.327368 Package type: WINDOWS_64BITS_GENERIC
00:00:00.327489 Qt version: 5.15.2
00:00:00.328235 GUI: UIMediumEnumerator: Initial medium-enumeration finished!
00:00:00.388857 GUI: UIMediumEnumerator: Medium-enumeration started...
00:00:00.389076 GUI: UIMediumEnumerator: Medium-enumeration finished!
00:05:53.493924 GUI: UICommon: Handling aboutToQuit request..
00:05:54.087928 GUI: UICommon: aboutToQuit request handled!
