00:00:00.005605 main     VirtualBox COM Server 7.0.18 r162988 win.amd64 (May  2 2024 10:02:33) release log
00:00:00.005609 main     Log opened 2024-07-08T01:55:27.407241700Z
00:00:00.005611 main     Build Type: release
00:00:00.005623 main     OS Product: Windows 10
00:00:00.005625 main     OS Release: 10.0.21996
00:00:00.005626 main     OS Service Pack: 
00:00:00.042086 main     DMI Product Name: HP EliteBook x360 1030 G2
00:00:00.059355 main     DMI Product Version:  
00:00:00.059398 main     Firmware type: UEFI
00:00:00.060261 main     Secure Boot: Enabled
00:00:00.060286 main     Host RAM: 16259MB (15.8GB) total, 12066MB (11.7GB) available
00:00:00.060297 main     Executable: C:\Program Files\Oracle\VirtualBox\VBoxSVC.exe
00:00:00.060298 main     Process ID: 11524
00:00:00.060299 main     Package type: WINDOWS_64BITS_GENERIC
00:00:00.241891          VirtualBox: object creation starts
00:00:00.242265          Home directory: 'C:\Users\HP\.VirtualBox'
00:00:00.242409          Installed Drivers:
00:00:00.264349            C:\Windows\system32\DRIVERS\VBoxSup.sys (Version: 7.0.18.12988)
00:00:00.264860            C:\Windows\system32\DRIVERS\VBoxUSBMon.sys (Version: 7.0.18.12988)
00:00:00.265355            C:\Windows\system32\DRIVERS\VBoxNetAdp6.sys (Version: 7.0.18.12988)
00:00:00.265832            C:\Windows\system32\DRIVERS\VBoxNetLwf.sys (Version: 7.0.18.12988)
00:00:00.281029          Loading settings file "C:\Users\HP\.VirtualBox\VirtualBox.xml" with version "1.12-windows"
00:00:00.284011          usbLibGetDevices: Starting USB device enumeration
00:00:00.313638          Getting USB descriptor (id 0) failed (dwErr=31) on hub USB#ROOT_HUB30#4&23fc78d3&0&0#{f18a0e88-c30c-11d0-8815-00a0c906bed8} port 6
00:00:00.313740          Getting USB descriptor (id 0) failed (dwErr=31) on hub USB#ROOT_HUB30#4&23fc78d3&0&0#{f18a0e88-c30c-11d0-8815-00a0c906bed8} port 7
00:00:00.313823          Getting USB descriptor (id 0) failed (dwErr=31) on hub USB#ROOT_HUB30#4&23fc78d3&0&0#{f18a0e88-c30c-11d0-8815-00a0c906bed8} port 8
00:00:00.313899          Getting USB descriptor (id 0) failed (dwErr=31) on hub USB#ROOT_HUB30#4&23fc78d3&0&0#{f18a0e88-c30c-11d0-8815-00a0c906bed8} port 9
00:00:00.317708          usbLibGetDevices: Found 4 USB devices, 0 captured
00:00:00.317795          USB: Unknown USB device detected (idVendor: 0x04f2, idProduct: 0xb58e)
00:00:00.317870          USB: Unknown USB device detected (idVendor: 0x04f2, idProduct: 0xb58f)
00:00:00.317925          USB: Unknown USB device detected (idVendor: 0x138a, idProduct: 0x0092)
00:00:00.317963          USB: Unknown USB device detected (idVendor: 0x8087, idProduct: 0x0a2b)
00:00:00.374481          HostDnsMonitor: initializing
00:00:00.383196          HostDnsMonitor: updating information
00:00:00.383224          HostDnsMonitor: old information
00:00:00.383224            no server entries
00:00:00.383225            no domain set
00:00:00.383226            no search string entries
00:00:00.383226          HostDnsMonitor: new information
00:00:00.383227            server 1: 172.20.10.1
00:00:00.383228            no domain set
00:00:00.383228            no search string entries
00:00:00.456097          SUPR0QueryVTCaps -> VERR_VMX_MSR_ALL_VMX_DISABLED
00:00:00.456553          VD: VDInit finished with VINF_SUCCESS
00:00:00.458158          VirtualBox: object created
00:00:00.521881          Saving settings file "C:\Users\HP\.VirtualBox\VirtualBox.xml" with version "1.12-windows"
00:00:00.528104          Finished saving settings file "C:\Users\HP\.VirtualBox\VirtualBox.xml"
00:00:00.528351          Saving settings file "C:\Users\HP\.VirtualBox\VirtualBox.xml" with version "1.12-windows"
00:00:00.533196          Finished saving settings file "C:\Users\HP\.VirtualBox\VirtualBox.xml"
00:00:00.533485          Saving settings file "C:\Users\HP\.VirtualBox\VirtualBox.xml" with version "1.12-windows"
00:00:00.538019          Finished saving settings file "C:\Users\HP\.VirtualBox\VirtualBox.xml"
00:00:39.230755 USBPROXY usbLibGetDevices: Starting USB device enumeration
00:00:39.272515 USBPROXY Getting USB descriptor (id 0) failed (dwErr=31) on hub USB#ROOT_HUB30#4&23fc78d3&0&0#{f18a0e88-c30c-11d0-8815-00a0c906bed8} port 6
00:00:39.272797 USBPROXY Getting USB descriptor (id 0) failed (dwErr=31) on hub USB#ROOT_HUB30#4&23fc78d3&0&0#{f18a0e88-c30c-11d0-8815-00a0c906bed8} port 7
00:00:39.272990 USBPROXY Getting USB descriptor (id 0) failed (dwErr=31) on hub USB#ROOT_HUB30#4&23fc78d3&0&0#{f18a0e88-c30c-11d0-8815-00a0c906bed8} port 8
00:00:39.273182 USBPROXY Getting USB descriptor (id 0) failed (dwErr=31) on hub USB#ROOT_HUB30#4&23fc78d3&0&0#{f18a0e88-c30c-11d0-8815-00a0c906bed8} port 9
00:00:39.273683 USBPROXY usbLibGetDevices: Found 4 USB devices, 0 captured
00:01:45.235162          Saving settings file "C:\Users\HP\.VirtualBox\VirtualBox.xml" with version "1.12-windows"
00:01:45.272733          Finished saving settings file "C:\Users\HP\.VirtualBox\VirtualBox.xml"
00:01:46.862078          Saving settings file "C:\Users\HP\.VirtualBox\VirtualBox.xml" with version "1.12-windows"
00:01:46.898549          Finished saving settings file "C:\Users\HP\.VirtualBox\VirtualBox.xml"
00:01:47.700506          Saving settings file "C:\Users\HP\.VirtualBox\VirtualBox.xml" with version "1.12-windows"
00:01:47.738532          Finished saving settings file "C:\Users\HP\.VirtualBox\VirtualBox.xml"
00:01:48.508816          Saving settings file "C:\Users\HP\.VirtualBox\VirtualBox.xml" with version "1.12-windows"
00:01:48.546104          Finished saving settings file "C:\Users\HP\.VirtualBox\VirtualBox.xml"
00:01:51.525969          Saving settings file "C:\Users\HP\.VirtualBox\VirtualBox.xml" with version "1.12-windows"
00:01:51.564358          Finished saving settings file "C:\Users\HP\.VirtualBox\VirtualBox.xml"
00:01:53.321684          Saving settings file "C:\Users\HP\.VirtualBox\VirtualBox.xml" with version "1.12-windows"
00:01:53.361203          Finished saving settings file "C:\Users\HP\.VirtualBox\VirtualBox.xml"
00:01:54.349429          Saving settings file "C:\Users\HP\.VirtualBox\VirtualBox.xml" with version "1.12-windows"
00:01:54.386862          Finished saving settings file "C:\Users\HP\.VirtualBox\VirtualBox.xml"
00:02:01.409674          Saving settings file "C:\Users\HP\.VirtualBox\VirtualBox.xml" with version "1.12-windows"
00:02:01.446651          Finished saving settings file "C:\Users\HP\.VirtualBox\VirtualBox.xml"
00:02:03.234402          Saving settings file "C:\Users\HP\.VirtualBox\VirtualBox.xml" with version "1.12-windows"
00:02:03.271604          Finished saving settings file "C:\Users\HP\.VirtualBox\VirtualBox.xml"
00:02:07.631270          Saving settings file "C:\Users\HP\.VirtualBox\VirtualBox.xml" with version "1.12-windows"
00:02:07.668868          Finished saving settings file "C:\Users\HP\.VirtualBox\VirtualBox.xml"
00:02:11.779661          Saving settings file "C:\Users\HP\.VirtualBox\VirtualBox.xml" with version "1.12-windows"
00:02:11.816765          Finished saving settings file "C:\Users\HP\.VirtualBox\VirtualBox.xml"
00:02:15.205888          Saving settings file "C:\Users\HP\.VirtualBox\VirtualBox.xml" with version "1.12-windows"
00:02:15.216515          Finished saving settings file "C:\Users\HP\.VirtualBox\VirtualBox.xml"
00:02:15.937699          Saving settings file "C:\Users\HP\.VirtualBox\VirtualBox.xml" with version "1.12-windows"
00:02:15.974377          Finished saving settings file "C:\Users\HP\.VirtualBox\VirtualBox.xml"
00:02:20.655539          Saving settings file "C:\Users\HP\.VirtualBox\VirtualBox.xml" with version "1.12-windows"
00:02:20.692832          Finished saving settings file "C:\Users\HP\.VirtualBox\VirtualBox.xml"
00:02:23.068047          Saving settings file "C:\Users\HP\.VirtualBox\VirtualBox.xml" with version "1.12-windows"
00:02:23.104835          Finished saving settings file "C:\Users\HP\.VirtualBox\VirtualBox.xml"
00:02:24.119524          Saving settings file "C:\Users\HP\.VirtualBox\VirtualBox.xml" with version "1.12-windows"
00:02:24.157221          Finished saving settings file "C:\Users\HP\.VirtualBox\VirtualBox.xml"
00:02:25.984935          Saving settings file "C:\Users\HP\.VirtualBox\VirtualBox.xml" with version "1.12-windows"
00:02:26.002220          Finished saving settings file "C:\Users\HP\.VirtualBox\VirtualBox.xml"
00:02:27.856553          Saving settings file "C:\Users\HP\.VirtualBox\VirtualBox.xml" with version "1.12-windows"
00:02:27.893969          Finished saving settings file "C:\Users\HP\.VirtualBox\VirtualBox.xml"
00:03:35.685474 main     WM_QUERYENDSESSION: shutdown (0x00000000)
00:03:35.690044 main     VBoxSvc has active connections: bActivity = false, lock count = 2
00:03:39.106481 main     WM_ENDSESSION: shutdown cancelled (FALSE/0x00000000)
00:03:44.274573          Saving settings file "C:\Users\HP\.VirtualBox\VirtualBox.xml" with version "1.12-windows"
00:03:44.280127          Finished saving settings file "C:\Users\HP\.VirtualBox\VirtualBox.xml"
00:03:44.280375          Saving settings file "C:\Users\HP\.VirtualBox\VirtualBox.xml" with version "1.12-windows"
00:03:44.285372          Finished saving settings file "C:\Users\HP\.VirtualBox\VirtualBox.xml"
00:03:44.285659          Saving settings file "C:\Users\HP\.VirtualBox\VirtualBox.xml" with version "1.12-windows"
00:03:44.290998          Finished saving settings file "C:\Users\HP\.VirtualBox\VirtualBox.xml"
00:04:11.779309 main     WM_QUERYENDSESSION: shutdown (0x00000000)
00:04:11.779395 main     VBoxSvc has active connections: bActivity = false, lock count = 2
00:04:13.359705 main     WM_ENDSESSION: shutdown cancelled (FALSE/0x00000000)
00:04:31.509487          Saving settings file "C:\Users\HP\.VirtualBox\VirtualBox.xml" with version "1.12-windows"
00:04:31.515373          Finished saving settings file "C:\Users\HP\.VirtualBox\VirtualBox.xml"
00:04:31.515643          Saving settings file "C:\Users\HP\.VirtualBox\VirtualBox.xml" with version "1.12-windows"
00:04:31.522064          Finished saving settings file "C:\Users\HP\.VirtualBox\VirtualBox.xml"
00:04:31.522408          Saving settings file "C:\Users\HP\.VirtualBox\VirtualBox.xml" with version "1.12-windows"
00:04:31.529185          Finished saving settings file "C:\Users\HP\.VirtualBox\VirtualBox.xml"
00:05:13.306828 main     WM_QUERYENDSESSION: shutdown (0x00000000)
00:05:13.306862 main     VBoxSvc has active connections: bActivity = false, lock count = 2
00:05:15.018417 main     WM_ENDSESSION: shutdown cancelled (FALSE/0x00000000)
00:05:19.207357          Saving settings file "C:\Users\HP\.VirtualBox\VirtualBox.xml" with version "1.12-windows"
00:05:19.243123          Finished saving settings file "C:\Users\HP\.VirtualBox\VirtualBox.xml"
00:05:19.243685          Saving settings file "C:\Users\HP\.VirtualBox\VirtualBox.xml" with version "1.12-windows"
00:05:19.252990          Finished saving settings file "C:\Users\HP\.VirtualBox\VirtualBox.xml"
00:05:19.253551          Saving settings file "C:\Users\HP\.VirtualBox\VirtualBox.xml" with version "1.12-windows"
00:05:19.262103          Finished saving settings file "C:\Users\HP\.VirtualBox\VirtualBox.xml"
00:10:07.646614 dns-monitor HostDnsMonitor: updating information
00:10:07.646692 dns-monitor HostDnsMonitor: unchanged
00:10:31.260379 USBPROXY usbLibGetDevices: Starting USB device enumeration
00:10:31.290041 USBPROXY Getting USB descriptor (id 0) failed (dwErr=31) on hub USB#ROOT_HUB30#4&23fc78d3&0&0#{f18a0e88-c30c-11d0-8815-00a0c906bed8} port 6
00:10:31.322260 USBPROXY Getting USB descriptor (id 0) failed (dwErr=31) on hub USB#ROOT_HUB30#4&23fc78d3&0&0#{f18a0e88-c30c-11d0-8815-00a0c906bed8} port 8
00:10:31.323014 USBPROXY Getting USB descriptor (id 0) failed (dwErr=31) on hub USB#ROOT_HUB30#4&23fc78d3&0&0#{f18a0e88-c30c-11d0-8815-00a0c906bed8} port 9
00:10:31.324992 USBPROXY usbLibGetDevices: Found 4 USB devices, 0 captured
00:11:20.679295 main     VirtualBox: object deletion starts
00:11:20.683025 main     HostDnsMonitor: shutting down ...
00:11:20.683127 main     HostDnsMonitor: shut down
00:11:20.695672 Watcher  ERROR [COM]: aRC=E_ACCESSDENIED (0x80070005) aIID={7682d5eb-f00e-44f1-8ca2-99d08b1cd607} aComponent={VirtualBoxWrap} aText={The object is not ready}, preserve=false aResultDetail=0
00:11:20.697688 main     VirtualBox: object deleted
